<?xml version="1.0" encoding="UTF-8"?>
<!-- Generated by org.testng.reporters.JUnitXMLReporter -->
<testsuite ignored="0" hostname="DESKTOP-H29UQ49" failures="0" tests="3" name="Default test" time="17.054" errors="0" timestamp="2024-11-09T04:48:52 IST">
  <testcase classname="org.cura.tests.LoginPageTest" name="LoginTest" time="1.767"/>
  <testcase classname="org.cura.tests.LoginPageTest" name="LoginTest" time="1.408"/>
  <testcase classname="org.cura.tests.LoginPageTest" name="newTest" time="1.373"/>
</testsuite> <!-- Default test -->
