<?xml version="1.0" encoding="UTF-8"?>
<testng-results ignored="0" total="1" passed="1" failed="0" skipped="0">
  <reporter-output>
  </reporter-output>
  <suite started-at="2024-11-22T23:27:37 IST" name="Suite" finished-at="2024-11-22T23:27:51 IST" duration-ms="13423">
    <groups>
    </groups>
    <test started-at="2024-11-22T23:27:37 IST" name="Test" finished-at="2024-11-22T23:27:51 IST" duration-ms="13423">
      <class name="org.cura.tests.AppoinmentHistory">
        <test-method is-config="true" signature="setUp()[pri:0, instance:org.cura.tests.AppoinmentHistory@7690781]" started-at="2024-11-22T23:27:39 IST" name="setUp" finished-at="2024-11-22T23:27:44 IST" duration-ms="5533" status="PASS">
          <reporter-output>
          </reporter-output>
        </test-method> <!-- setUp -->
        <test-method signature="verifyAppoinmentHistory(java.util.Map)[pri:0, instance:org.cura.tests.AppoinmentHistory@7690781]" started-at="2024-11-22T23:27:44 IST" name="verifyAppoinmentHistory" data-provider="log" finished-at="2024-11-22T23:27:50 IST" duration-ms="6071" status="PASS">
          <params>
            <param index="0">
              <value>
                <![CDATA[{testdata=Hongkong CURA Healthcare Center,Medicaid,02/12/2024,cough and fever, password=ThisIsNotAPassword, testname=verifyAppoinmentHistory, execute=yes, expectedvalue=, username=John Doe}]]>
              </value>
            </param>
          </params>
          <reporter-output>
          </reporter-output>
        </test-method> <!-- verifyAppoinmentHistory -->
        <test-method is-config="true" signature="tearDown()[pri:0, instance:org.cura.tests.AppoinmentHistory@7690781]" started-at="2024-11-22T23:27:50 IST" name="tearDown" finished-at="2024-11-22T23:27:51 IST" duration-ms="441" status="PASS">
          <reporter-output>
          </reporter-output>
        </test-method> <!-- tearDown -->
      </class> <!-- org.cura.tests.AppoinmentHistory -->
    </test> <!-- Test -->
  </suite> <!-- Suite -->
</testng-results>
